2022-10-10 23:30:51,234 - speechbrain.core - INFO - Beginning experiment!
2022-10-10 23:30:51,234 - speechbrain.core - INFO - Experiment folder: results/xvect_kids_anew_fixlen1/303
2022-10-10 23:30:52,444 - speechbrain.utils.superpowers - DEBUG - absl-py==1.2.0
appdirs==1.4.4
asttokens @ file:///opt/conda/conda-bld/asttokens_1646925590279/work
attrs==22.1.0
autopep8==1.7.0
backcall @ file:///home/ktietz/src/ci/backcall_1611930011877/work
black==19.10b0
Bottleneck @ file:///opt/conda/conda-bld/bottleneck_1657175564434/work
brotlipy==0.7.0
cachetools==5.2.0
certifi @ file:///opt/conda/conda-bld/certifi_1663615672595/work/certifi
cffi @ file:///tmp/abs_98z5h56wf8/croots/recipe/cffi_1659598650955/work
cfgv==3.3.1
charset-normalizer @ file:///tmp/build/80754af9/charset-normalizer_1630003229654/work
click==8.0.4
cryptography @ file:///tmp/build/80754af9/cryptography_1652101588893/work
ctc-segmentation==1.7.3
Cython @ file:///opt/conda/conda-bld/cython_1656941947712/work
debugpy @ file:///tmp/build/80754af9/debugpy_1637091799509/work
decorator @ file:///opt/conda/conda-bld/decorator_1643638310831/work
distlib==0.3.6
entrypoints @ file:///tmp/build/80754af9/entrypoints_1649926439650/work
executing @ file:///opt/conda/conda-bld/executing_1646925071911/work
filelock==3.8.0
flake8==3.7.9
google-auth==2.12.0
google-auth-oauthlib==0.4.6
grpcio==1.49.1
huggingface-hub==0.9.1
HyperPyYAML==1.0.1
identify==2.5.5
idna @ file:///tmp/build/80754af9/idna_1637925883363/work
importlib-metadata==5.0.0
ipykernel @ file:///opt/conda/conda-bld/ipykernel_1662361798230/work
ipython @ file:///opt/conda/conda-bld/ipython_1657652213665/work
jedi @ file:///tmp/build/80754af9/jedi_1644297102865/work
joblib==1.2.0
jupyter-core @ file:///opt/conda/conda-bld/jupyter_core_1651671229925/work
jupyter_client @ file:///opt/conda/conda-bld/jupyter_client_1662504365333/work
Markdown==3.4.1
MarkupSafe==2.1.1
matplotlib-inline @ file:///opt/conda/conda-bld/matplotlib-inline_1662014470464/work
mccabe==0.6.1
mkl-fft==1.3.1
mkl-random @ file:///tmp/build/80754af9/mkl_random_1626186066731/work
mkl-service==2.4.0
more-itertools==8.14.0
nest-asyncio @ file:///tmp/build/80754af9/nest-asyncio_1649847906199/work
nodeenv==1.7.0
numexpr @ file:///opt/conda/conda-bld/numexpr_1656940300424/work
numpy==1.23.3
oauthlib==3.2.1
packaging @ file:///tmp/build/80754af9/packaging_1637314298585/work
pandas==1.4.4
parso @ file:///opt/conda/conda-bld/parso_1641458642106/work
pathspec==0.10.1
pexpect @ file:///tmp/build/80754af9/pexpect_1605563209008/work
pickleshare @ file:///tmp/build/80754af9/pickleshare_1606932040724/work
Pillow==9.2.0
platformdirs==2.5.2
pluggy==0.13.1
pre-commit==2.20.0
prompt-toolkit @ file:///tmp/build/80754af9/prompt-toolkit_1633440160888/work
protobuf==3.19.6
psutil @ file:///opt/conda/conda-bld/psutil_1656431268089/work
ptyprocess @ file:///tmp/build/80754af9/ptyprocess_1609355006118/work/dist/ptyprocess-0.7.0-py2.py3-none-any.whl
pure-eval @ file:///opt/conda/conda-bld/pure_eval_1646925070566/work
py==1.11.0
pyasn1==0.4.8
pyasn1-modules==0.2.8
pycodestyle==2.9.1
pycparser @ file:///tmp/build/80754af9/pycparser_1636541352034/work
pydub==0.25.1
pyflakes==2.1.1
Pygments @ file:///opt/conda/conda-bld/pygments_1644249106324/work
pyOpenSSL @ file:///opt/conda/conda-bld/pyopenssl_1643788558760/work
pyparsing @ file:///opt/conda/conda-bld/pyparsing_1661452539315/work
PySocks @ file:///tmp/build/80754af9/pysocks_1605305812635/work
pytest==5.4.1
python-dateutil @ file:///tmp/build/80754af9/python-dateutil_1626374649649/work
pytz @ file:///opt/conda/conda-bld/pytz_1654762638606/work
PyYAML==6.0
pyzmq @ file:///opt/conda/conda-bld/pyzmq_1657724186960/work
regex==2022.9.13
requests @ file:///opt/conda/conda-bld/requests_1657734628632/work
requests-oauthlib==1.3.1
rsa==4.9
ruamel.yaml==0.17.21
ruamel.yaml.clib==0.2.6
scipy==1.8.1
sentencepiece==0.1.97
six @ file:///tmp/build/80754af9/six_1644875935023/work
-e git+https://github.com/speechbrain/speechbrain.git@d78c00eca113c9f013f2eee4d05947adc1b32ccb#egg=speechbrain
sphfile==1.0.3
stack-data @ file:///opt/conda/conda-bld/stack_data_1646927590127/work
tensorboard==2.10.1
tensorboard-data-server==0.6.1
tensorboard-plugin-wit==1.8.1
toml==0.10.2
torch==1.12.1
torchaudio==0.12.1
torchvision==0.13.1
tornado @ file:///opt/conda/conda-bld/tornado_1662061693373/work
tqdm==4.64.1
traitlets @ file:///tmp/build/80754af9/traitlets_1636710298902/work
typed-ast==1.5.4
typing_extensions @ file:///tmp/abs_ben9emwtky/croots/recipe/typing_extensions_1659638822008/work
urllib3==1.26.12
virtualenv==20.16.5
wcwidth @ file:///Users/ktietz/demo/mc3/conda-bld/wcwidth_1629357192024/work
Werkzeug==2.2.2
yamllint==1.23.0
zipp==3.9.0


2022-10-10 23:30:52,565 - speechbrain.utils.superpowers - DEBUG - a85e9c1


2022-10-10 23:30:52,630 - speechbrain.core - INFO - Info: ckpt_interval_minutes arg from hparam file is used
2022-10-10 23:30:55,554 - speechbrain.core - INFO - 6.8M trainable parameters in SpeakerBrain
2022-10-10 23:30:55,556 - speechbrain.utils.checkpoints - INFO - Would load a checkpoint here, but none found yet.
2022-10-10 23:30:55,556 - speechbrain.utils.epoch_loop - INFO - Going into epoch 1
2022-10-10 23:31:56,555 - speechbrain.core - INFO - Beginning experiment!
2022-10-10 23:31:56,556 - speechbrain.core - INFO - Experiment folder: results/xvect_kids_anew_fixlen1/303
2022-10-10 23:31:57,720 - speechbrain.utils.superpowers - DEBUG - absl-py==1.2.0
appdirs==1.4.4
asttokens @ file:///opt/conda/conda-bld/asttokens_1646925590279/work
attrs==22.1.0
autopep8==1.7.0
backcall @ file:///home/ktietz/src/ci/backcall_1611930011877/work
black==19.10b0
Bottleneck @ file:///opt/conda/conda-bld/bottleneck_1657175564434/work
brotlipy==0.7.0
cachetools==5.2.0
certifi @ file:///opt/conda/conda-bld/certifi_1663615672595/work/certifi
cffi @ file:///tmp/abs_98z5h56wf8/croots/recipe/cffi_1659598650955/work
cfgv==3.3.1
charset-normalizer @ file:///tmp/build/80754af9/charset-normalizer_1630003229654/work
click==8.0.4
cryptography @ file:///tmp/build/80754af9/cryptography_1652101588893/work
ctc-segmentation==1.7.3
Cython @ file:///opt/conda/conda-bld/cython_1656941947712/work
debugpy @ file:///tmp/build/80754af9/debugpy_1637091799509/work
decorator @ file:///opt/conda/conda-bld/decorator_1643638310831/work
distlib==0.3.6
entrypoints @ file:///tmp/build/80754af9/entrypoints_1649926439650/work
executing @ file:///opt/conda/conda-bld/executing_1646925071911/work
filelock==3.8.0
flake8==3.7.9
google-auth==2.12.0
google-auth-oauthlib==0.4.6
grpcio==1.49.1
huggingface-hub==0.9.1
HyperPyYAML==1.0.1
identify==2.5.5
idna @ file:///tmp/build/80754af9/idna_1637925883363/work
importlib-metadata==5.0.0
ipykernel @ file:///opt/conda/conda-bld/ipykernel_1662361798230/work
ipython @ file:///opt/conda/conda-bld/ipython_1657652213665/work
jedi @ file:///tmp/build/80754af9/jedi_1644297102865/work
joblib==1.2.0
jupyter-core @ file:///opt/conda/conda-bld/jupyter_core_1651671229925/work
jupyter_client @ file:///opt/conda/conda-bld/jupyter_client_1662504365333/work
Markdown==3.4.1
MarkupSafe==2.1.1
matplotlib-inline @ file:///opt/conda/conda-bld/matplotlib-inline_1662014470464/work
mccabe==0.6.1
mkl-fft==1.3.1
mkl-random @ file:///tmp/build/80754af9/mkl_random_1626186066731/work
mkl-service==2.4.0
more-itertools==8.14.0
nest-asyncio @ file:///tmp/build/80754af9/nest-asyncio_1649847906199/work
nodeenv==1.7.0
numexpr @ file:///opt/conda/conda-bld/numexpr_1656940300424/work
numpy==1.23.3
oauthlib==3.2.1
packaging @ file:///tmp/build/80754af9/packaging_1637314298585/work
pandas==1.4.4
parso @ file:///opt/conda/conda-bld/parso_1641458642106/work
pathspec==0.10.1
pexpect @ file:///tmp/build/80754af9/pexpect_1605563209008/work
pickleshare @ file:///tmp/build/80754af9/pickleshare_1606932040724/work
Pillow==9.2.0
platformdirs==2.5.2
pluggy==0.13.1
pre-commit==2.20.0
prompt-toolkit @ file:///tmp/build/80754af9/prompt-toolkit_1633440160888/work
protobuf==3.19.6
psutil @ file:///opt/conda/conda-bld/psutil_1656431268089/work
ptyprocess @ file:///tmp/build/80754af9/ptyprocess_1609355006118/work/dist/ptyprocess-0.7.0-py2.py3-none-any.whl
pure-eval @ file:///opt/conda/conda-bld/pure_eval_1646925070566/work
py==1.11.0
pyasn1==0.4.8
pyasn1-modules==0.2.8
pycodestyle==2.9.1
pycparser @ file:///tmp/build/80754af9/pycparser_1636541352034/work
pydub==0.25.1
pyflakes==2.1.1
Pygments @ file:///opt/conda/conda-bld/pygments_1644249106324/work
pyOpenSSL @ file:///opt/conda/conda-bld/pyopenssl_1643788558760/work
pyparsing @ file:///opt/conda/conda-bld/pyparsing_1661452539315/work
PySocks @ file:///tmp/build/80754af9/pysocks_1605305812635/work
pytest==5.4.1
python-dateutil @ file:///tmp/build/80754af9/python-dateutil_1626374649649/work
pytz @ file:///opt/conda/conda-bld/pytz_1654762638606/work
PyYAML==6.0
pyzmq @ file:///opt/conda/conda-bld/pyzmq_1657724186960/work
regex==2022.9.13
requests @ file:///opt/conda/conda-bld/requests_1657734628632/work
requests-oauthlib==1.3.1
rsa==4.9
ruamel.yaml==0.17.21
ruamel.yaml.clib==0.2.6
scipy==1.8.1
sentencepiece==0.1.97
six @ file:///tmp/build/80754af9/six_1644875935023/work
-e git+https://github.com/speechbrain/speechbrain.git@d78c00eca113c9f013f2eee4d05947adc1b32ccb#egg=speechbrain
sphfile==1.0.3
stack-data @ file:///opt/conda/conda-bld/stack_data_1646927590127/work
tensorboard==2.10.1
tensorboard-data-server==0.6.1
tensorboard-plugin-wit==1.8.1
toml==0.10.2
torch==1.12.1
torchaudio==0.12.1
torchvision==0.13.1
tornado @ file:///opt/conda/conda-bld/tornado_1662061693373/work
tqdm==4.64.1
traitlets @ file:///tmp/build/80754af9/traitlets_1636710298902/work
typed-ast==1.5.4
typing_extensions @ file:///tmp/abs_ben9emwtky/croots/recipe/typing_extensions_1659638822008/work
urllib3==1.26.12
virtualenv==20.16.5
wcwidth @ file:///Users/ktietz/demo/mc3/conda-bld/wcwidth_1629357192024/work
Werkzeug==2.2.2
yamllint==1.23.0
zipp==3.9.0


2022-10-10 23:31:57,836 - speechbrain.utils.superpowers - DEBUG - a85e9c1


2022-10-10 23:31:57,948 - speechbrain.core - INFO - Info: ckpt_interval_minutes arg from hparam file is used
2022-10-10 23:32:00,844 - speechbrain.core - INFO - 6.8M trainable parameters in SpeakerBrain
2022-10-10 23:32:00,846 - speechbrain.utils.checkpoints - INFO - Would load a checkpoint here, but none found yet.
2022-10-10 23:32:00,846 - speechbrain.utils.epoch_loop - INFO - Going into epoch 1
2022-10-11 16:40:54,645 - speechbrain.core - INFO - Beginning experiment!
2022-10-11 16:40:54,646 - speechbrain.core - INFO - Experiment folder: results/xvect_kids_anew_fixlen1/303
2022-10-11 16:40:55,481 - speechbrain.utils.superpowers - DEBUG - absl-py==1.2.0
appdirs==1.4.4
asttokens @ file:///opt/conda/conda-bld/asttokens_1646925590279/work
attrs==22.1.0
autopep8==1.7.0
backcall @ file:///home/ktietz/src/ci/backcall_1611930011877/work
black==19.10b0
Bottleneck @ file:///opt/conda/conda-bld/bottleneck_1657175564434/work
brotlipy==0.7.0
cachetools==5.2.0
certifi @ file:///opt/conda/conda-bld/certifi_1663615672595/work/certifi
cffi @ file:///tmp/abs_98z5h56wf8/croots/recipe/cffi_1659598650955/work
cfgv==3.3.1
charset-normalizer @ file:///tmp/build/80754af9/charset-normalizer_1630003229654/work
click==8.0.4
cryptography @ file:///tmp/build/80754af9/cryptography_1652101588893/work
ctc-segmentation==1.7.3
Cython @ file:///opt/conda/conda-bld/cython_1656941947712/work
debugpy @ file:///tmp/build/80754af9/debugpy_1637091799509/work
decorator @ file:///opt/conda/conda-bld/decorator_1643638310831/work
distlib==0.3.6
entrypoints @ file:///tmp/build/80754af9/entrypoints_1649926439650/work
executing @ file:///opt/conda/conda-bld/executing_1646925071911/work
filelock==3.8.0
flake8==3.7.9
google-auth==2.12.0
google-auth-oauthlib==0.4.6
grpcio==1.49.1
huggingface-hub==0.9.1
HyperPyYAML==1.0.1
identify==2.5.5
idna @ file:///tmp/build/80754af9/idna_1637925883363/work
importlib-metadata==5.0.0
ipykernel @ file:///opt/conda/conda-bld/ipykernel_1662361798230/work
ipython @ file:///opt/conda/conda-bld/ipython_1657652213665/work
jedi @ file:///tmp/build/80754af9/jedi_1644297102865/work
joblib==1.2.0
jupyter-core @ file:///opt/conda/conda-bld/jupyter_core_1651671229925/work
jupyter_client @ file:///opt/conda/conda-bld/jupyter_client_1662504365333/work
Markdown==3.4.1
MarkupSafe==2.1.1
matplotlib-inline @ file:///opt/conda/conda-bld/matplotlib-inline_1662014470464/work
mccabe==0.6.1
mkl-fft==1.3.1
mkl-random @ file:///tmp/build/80754af9/mkl_random_1626186066731/work
mkl-service==2.4.0
more-itertools==8.14.0
nest-asyncio @ file:///tmp/build/80754af9/nest-asyncio_1649847906199/work
nodeenv==1.7.0
numexpr @ file:///opt/conda/conda-bld/numexpr_1656940300424/work
numpy==1.23.3
oauthlib==3.2.1
packaging @ file:///tmp/build/80754af9/packaging_1637314298585/work
pandas==1.4.4
parso @ file:///opt/conda/conda-bld/parso_1641458642106/work
pathspec==0.10.1
pexpect @ file:///tmp/build/80754af9/pexpect_1605563209008/work
pickleshare @ file:///tmp/build/80754af9/pickleshare_1606932040724/work
Pillow==9.2.0
platformdirs==2.5.2
pluggy==0.13.1
pre-commit==2.20.0
prompt-toolkit @ file:///tmp/build/80754af9/prompt-toolkit_1633440160888/work
protobuf==3.19.6
psutil @ file:///opt/conda/conda-bld/psutil_1656431268089/work
ptyprocess @ file:///tmp/build/80754af9/ptyprocess_1609355006118/work/dist/ptyprocess-0.7.0-py2.py3-none-any.whl
pure-eval @ file:///opt/conda/conda-bld/pure_eval_1646925070566/work
py==1.11.0
pyasn1==0.4.8
pyasn1-modules==0.2.8
pycodestyle==2.9.1
pycparser @ file:///tmp/build/80754af9/pycparser_1636541352034/work
pydub==0.25.1
pyflakes==2.1.1
Pygments @ file:///opt/conda/conda-bld/pygments_1644249106324/work
pyOpenSSL @ file:///opt/conda/conda-bld/pyopenssl_1643788558760/work
pyparsing @ file:///opt/conda/conda-bld/pyparsing_1661452539315/work
PySocks @ file:///tmp/build/80754af9/pysocks_1605305812635/work
pytest==5.4.1
python-dateutil @ file:///tmp/build/80754af9/python-dateutil_1626374649649/work
pytz @ file:///opt/conda/conda-bld/pytz_1654762638606/work
PyYAML==6.0
pyzmq @ file:///opt/conda/conda-bld/pyzmq_1657724186960/work
regex==2022.9.13
requests @ file:///opt/conda/conda-bld/requests_1657734628632/work
requests-oauthlib==1.3.1
rsa==4.9
ruamel.yaml==0.17.21
ruamel.yaml.clib==0.2.6
scipy==1.8.1
sentencepiece==0.1.97
six @ file:///tmp/build/80754af9/six_1644875935023/work
-e git+https://github.com/speechbrain/speechbrain.git@d78c00eca113c9f013f2eee4d05947adc1b32ccb#egg=speechbrain
sphfile==1.0.3
stack-data @ file:///opt/conda/conda-bld/stack_data_1646927590127/work
tensorboard==2.10.1
tensorboard-data-server==0.6.1
tensorboard-plugin-wit==1.8.1
toml==0.10.2
torch==1.12.1
torchaudio==0.12.1
torchvision==0.13.1
tornado @ file:///opt/conda/conda-bld/tornado_1662061693373/work
tqdm==4.64.1
traitlets @ file:///tmp/build/80754af9/traitlets_1636710298902/work
typed-ast==1.5.4
typing_extensions @ file:///tmp/abs_ben9emwtky/croots/recipe/typing_extensions_1659638822008/work
urllib3==1.26.12
virtualenv==20.16.5
wcwidth @ file:///Users/ktietz/demo/mc3/conda-bld/wcwidth_1629357192024/work
Werkzeug==2.2.2
yamllint==1.23.0
zipp==3.9.0


2022-10-11 16:40:55,541 - speechbrain.utils.superpowers - DEBUG - eedfb81


2022-10-11 16:40:55,751 - speechbrain.core - INFO - Info: ckpt_interval_minutes arg from hparam file is used
2022-10-11 16:40:58,699 - speechbrain.core - INFO - 6.8M trainable parameters in SpeakerBrain
2022-10-11 16:40:58,700 - speechbrain.utils.checkpoints - INFO - Would load a checkpoint here, but none found yet.
2022-10-11 16:40:58,700 - speechbrain.utils.epoch_loop - INFO - Going into epoch 1
2022-10-11 16:44:02,651 - speechbrain.utils.checkpoints - DEBUG - Saved an intra-epoch checkpoint in results/xvect_kids_anew_fixlen1/303/save/CKPT+2022-10-11+16-44-02+00
2022-10-11 16:47:02,994 - speechbrain.utils.checkpoints - DEBUG - Saved an intra-epoch checkpoint in results/xvect_kids_anew_fixlen1/303/save/CKPT+2022-10-11+16-47-02+00
2022-10-11 16:47:03,008 - speechbrain.utils.checkpoints - DEBUG - Deleted checkpoint in results/xvect_kids_anew_fixlen1/303/save/CKPT+2022-10-11+16-44-02+00
2022-10-11 16:50:03,690 - speechbrain.utils.checkpoints - DEBUG - Saved an intra-epoch checkpoint in results/xvect_kids_anew_fixlen1/303/save/CKPT+2022-10-11+16-50-03+00
2022-10-11 16:50:03,707 - speechbrain.utils.checkpoints - DEBUG - Deleted checkpoint in results/xvect_kids_anew_fixlen1/303/save/CKPT+2022-10-11+16-47-02+00
2022-10-11 16:52:36,941 - speechbrain.core - ERROR - Exception:
Traceback (most recent call last):
  File "/home/rosy/TAD/model/train_speaker_embeddings.py", line 272, in <module>
    speaker_brain.fit(
  File "/mnt/shared/speechbrain/speechbrain/core.py", line 1153, in fit
    self._fit_train(train_set=train_set, epoch=epoch, enable=enable)
  File "/mnt/shared/speechbrain/speechbrain/core.py", line 1009, in _fit_train
    loss = self.fit_batch(batch)
  File "/mnt/shared/speechbrain/speechbrain/core.py", line 881, in fit_batch
    outputs = self.compute_forward(batch, Stage.TRAIN)
  File "/home/rosy/TAD/model/train_speaker_embeddings.py", line 54, in compute_forward
    wavs_aug = augment(wavs, lens)
  File "/home/rosy/miniconda3/envs/sb/lib/python3.9/site-packages/torch/nn/modules/module.py", line 1130, in _call_impl
    return forward_call(*input, **kwargs)
  File "/mnt/shared/speechbrain/speechbrain/lobes/augment.py", line 446, in forward
    waveforms = self.add_noise(waveforms, lengths)
  File "/home/rosy/miniconda3/envs/sb/lib/python3.9/site-packages/torch/nn/modules/module.py", line 1130, in _call_impl
    return forward_call(*input, **kwargs)
  File "/mnt/shared/speechbrain/speechbrain/processing/speech_augmentation.py", line 158, in forward
    noise_waveform, noise_length = self._load_noise(
  File "/mnt/shared/speechbrain/speechbrain/processing/speech_augmentation.py", line 207, in _load_noise
    noise_len = noise_len.to(lengths.device)
KeyboardInterrupt
2022-10-11 16:53:10,680 - speechbrain.core - INFO - Beginning experiment!
2022-10-11 16:53:10,681 - speechbrain.core - INFO - Experiment folder: results/xvect_kids_anew_fixlen1/303
2022-10-11 16:53:11,506 - speechbrain.utils.superpowers - DEBUG - absl-py==1.2.0
appdirs==1.4.4
asttokens @ file:///opt/conda/conda-bld/asttokens_1646925590279/work
attrs==22.1.0
autopep8==1.7.0
backcall @ file:///home/ktietz/src/ci/backcall_1611930011877/work
black==19.10b0
Bottleneck @ file:///opt/conda/conda-bld/bottleneck_1657175564434/work
brotlipy==0.7.0
cachetools==5.2.0
certifi @ file:///opt/conda/conda-bld/certifi_1663615672595/work/certifi
cffi @ file:///tmp/abs_98z5h56wf8/croots/recipe/cffi_1659598650955/work
cfgv==3.3.1
charset-normalizer @ file:///tmp/build/80754af9/charset-normalizer_1630003229654/work
click==8.0.4
cryptography @ file:///tmp/build/80754af9/cryptography_1652101588893/work
ctc-segmentation==1.7.3
Cython @ file:///opt/conda/conda-bld/cython_1656941947712/work
debugpy @ file:///tmp/build/80754af9/debugpy_1637091799509/work
decorator @ file:///opt/conda/conda-bld/decorator_1643638310831/work
distlib==0.3.6
entrypoints @ file:///tmp/build/80754af9/entrypoints_1649926439650/work
executing @ file:///opt/conda/conda-bld/executing_1646925071911/work
filelock==3.8.0
flake8==3.7.9
google-auth==2.12.0
google-auth-oauthlib==0.4.6
grpcio==1.49.1
huggingface-hub==0.9.1
HyperPyYAML==1.0.1
identify==2.5.5
idna @ file:///tmp/build/80754af9/idna_1637925883363/work
importlib-metadata==5.0.0
ipykernel @ file:///opt/conda/conda-bld/ipykernel_1662361798230/work
ipython @ file:///opt/conda/conda-bld/ipython_1657652213665/work
jedi @ file:///tmp/build/80754af9/jedi_1644297102865/work
joblib==1.2.0
jupyter-core @ file:///opt/conda/conda-bld/jupyter_core_1651671229925/work
jupyter_client @ file:///opt/conda/conda-bld/jupyter_client_1662504365333/work
Markdown==3.4.1
MarkupSafe==2.1.1
matplotlib-inline @ file:///opt/conda/conda-bld/matplotlib-inline_1662014470464/work
mccabe==0.6.1
mkl-fft==1.3.1
mkl-random @ file:///tmp/build/80754af9/mkl_random_1626186066731/work
mkl-service==2.4.0
more-itertools==8.14.0
nest-asyncio @ file:///tmp/build/80754af9/nest-asyncio_1649847906199/work
nodeenv==1.7.0
numexpr @ file:///opt/conda/conda-bld/numexpr_1656940300424/work
numpy==1.23.3
oauthlib==3.2.1
packaging @ file:///tmp/build/80754af9/packaging_1637314298585/work
pandas==1.4.4
parso @ file:///opt/conda/conda-bld/parso_1641458642106/work
pathspec==0.10.1
pexpect @ file:///tmp/build/80754af9/pexpect_1605563209008/work
pickleshare @ file:///tmp/build/80754af9/pickleshare_1606932040724/work
Pillow==9.2.0
platformdirs==2.5.2
pluggy==0.13.1
pre-commit==2.20.0
prompt-toolkit @ file:///tmp/build/80754af9/prompt-toolkit_1633440160888/work
protobuf==3.19.6
psutil @ file:///opt/conda/conda-bld/psutil_1656431268089/work
ptyprocess @ file:///tmp/build/80754af9/ptyprocess_1609355006118/work/dist/ptyprocess-0.7.0-py2.py3-none-any.whl
pure-eval @ file:///opt/conda/conda-bld/pure_eval_1646925070566/work
py==1.11.0
pyasn1==0.4.8
pyasn1-modules==0.2.8
pycodestyle==2.9.1
pycparser @ file:///tmp/build/80754af9/pycparser_1636541352034/work
pydub==0.25.1
pyflakes==2.1.1
Pygments @ file:///opt/conda/conda-bld/pygments_1644249106324/work
pyOpenSSL @ file:///opt/conda/conda-bld/pyopenssl_1643788558760/work
pyparsing @ file:///opt/conda/conda-bld/pyparsing_1661452539315/work
PySocks @ file:///tmp/build/80754af9/pysocks_1605305812635/work
pytest==5.4.1
python-dateutil @ file:///tmp/build/80754af9/python-dateutil_1626374649649/work
pytz @ file:///opt/conda/conda-bld/pytz_1654762638606/work
PyYAML==6.0
pyzmq @ file:///opt/conda/conda-bld/pyzmq_1657724186960/work
regex==2022.9.13
requests @ file:///opt/conda/conda-bld/requests_1657734628632/work
requests-oauthlib==1.3.1
rsa==4.9
ruamel.yaml==0.17.21
ruamel.yaml.clib==0.2.6
scipy==1.8.1
sentencepiece==0.1.97
six @ file:///tmp/build/80754af9/six_1644875935023/work
-e git+https://github.com/speechbrain/speechbrain.git@d78c00eca113c9f013f2eee4d05947adc1b32ccb#egg=speechbrain
sphfile==1.0.3
stack-data @ file:///opt/conda/conda-bld/stack_data_1646927590127/work
tensorboard==2.10.1
tensorboard-data-server==0.6.1
tensorboard-plugin-wit==1.8.1
toml==0.10.2
torch==1.12.1
torchaudio==0.12.1
torchvision==0.13.1
tornado @ file:///opt/conda/conda-bld/tornado_1662061693373/work
tqdm==4.64.1
traitlets @ file:///tmp/build/80754af9/traitlets_1636710298902/work
typed-ast==1.5.4
typing_extensions @ file:///tmp/abs_ben9emwtky/croots/recipe/typing_extensions_1659638822008/work
urllib3==1.26.12
virtualenv==20.16.5
wcwidth @ file:///Users/ktietz/demo/mc3/conda-bld/wcwidth_1629357192024/work
Werkzeug==2.2.2
yamllint==1.23.0
zipp==3.9.0


2022-10-11 16:53:11,577 - speechbrain.utils.superpowers - DEBUG - eedfb81


2022-10-11 16:53:11,768 - speechbrain.core - INFO - Info: ckpt_interval_minutes arg from hparam file is used
2022-10-11 16:53:14,350 - speechbrain.core - INFO - 6.8M trainable parameters in SpeakerBrain
2022-10-11 16:53:14,352 - speechbrain.utils.checkpoints - INFO - Loading a checkpoint from results/xvect_kids_anew_fixlen1/303/save/CKPT+2022-10-11+16-50-03+00
2022-10-11 16:53:14,465 - speechbrain.utils.epoch_loop - INFO - Going into epoch 1
2022-10-11 16:53:49,677 - speechbrain.core - ERROR - Exception:
Traceback (most recent call last):
  File "/mnt/shared/speechbrain/speechbrain/processing/speech_augmentation.py", line 288, in _load_noise_batch
    noises, lens = next(self.noise_data).at_position(0)
  File "/home/rosy/miniconda3/envs/sb/lib/python3.9/site-packages/torch/utils/data/dataloader.py", line 681, in __next__
    data = self._next_data()
  File "/home/rosy/miniconda3/envs/sb/lib/python3.9/site-packages/torch/utils/data/dataloader.py", line 720, in _next_data
    index = self._next_index()  # may raise StopIteration
  File "/home/rosy/miniconda3/envs/sb/lib/python3.9/site-packages/torch/utils/data/dataloader.py", line 671, in _next_index
    return next(self._sampler_iter)  # may raise StopIteration
StopIteration

During handling of the above exception, another exception occurred:

Traceback (most recent call last):
  File "/home/rosy/TAD/model/train_speaker_embeddings.py", line 272, in <module>
    speaker_brain.fit(
  File "/mnt/shared/speechbrain/speechbrain/core.py", line 1153, in fit
    self._fit_train(train_set=train_set, epoch=epoch, enable=enable)
  File "/mnt/shared/speechbrain/speechbrain/core.py", line 1009, in _fit_train
    loss = self.fit_batch(batch)
  File "/mnt/shared/speechbrain/speechbrain/core.py", line 881, in fit_batch
    outputs = self.compute_forward(batch, Stage.TRAIN)
  File "/home/rosy/TAD/model/train_speaker_embeddings.py", line 54, in compute_forward
    wavs_aug = augment(wavs, lens)
  File "/home/rosy/miniconda3/envs/sb/lib/python3.9/site-packages/torch/nn/modules/module.py", line 1130, in _call_impl
    return forward_call(*input, **kwargs)
  File "/mnt/shared/speechbrain/speechbrain/lobes/augment.py", line 446, in forward
    waveforms = self.add_noise(waveforms, lengths)
  File "/home/rosy/miniconda3/envs/sb/lib/python3.9/site-packages/torch/nn/modules/module.py", line 1130, in _call_impl
    return forward_call(*input, **kwargs)
  File "/mnt/shared/speechbrain/speechbrain/processing/speech_augmentation.py", line 158, in forward
    noise_waveform, noise_length = self._load_noise(
  File "/mnt/shared/speechbrain/speechbrain/processing/speech_augmentation.py", line 205, in _load_noise
    noise_batch, noise_len = self._load_noise_batch_of_size(batch_size)
  File "/mnt/shared/speechbrain/speechbrain/processing/speech_augmentation.py", line 251, in _load_noise_batch_of_size
    added_noise, added_lens = self._load_noise_batch()
  File "/mnt/shared/speechbrain/speechbrain/processing/speech_augmentation.py", line 291, in _load_noise_batch
    noises, lens = next(self.noise_data).at_position(0)
  File "/home/rosy/miniconda3/envs/sb/lib/python3.9/site-packages/torch/utils/data/dataloader.py", line 681, in __next__
    data = self._next_data()
  File "/home/rosy/miniconda3/envs/sb/lib/python3.9/site-packages/torch/utils/data/dataloader.py", line 721, in _next_data
    data = self._dataset_fetcher.fetch(index)  # may raise StopIteration
  File "/home/rosy/miniconda3/envs/sb/lib/python3.9/site-packages/torch/utils/data/_utils/fetch.py", line 49, in fetch
    data = [self.dataset[idx] for idx in possibly_batched_index]
  File "/home/rosy/miniconda3/envs/sb/lib/python3.9/site-packages/torch/utils/data/_utils/fetch.py", line 49, in <listcomp>
    data = [self.dataset[idx] for idx in possibly_batched_index]
  File "/mnt/shared/speechbrain/speechbrain/dataio/dataset.py", line 165, in __getitem__
    return self.pipeline.compute_outputs({"id": data_id, **data_point})
  File "/mnt/shared/speechbrain/speechbrain/utils/data_pipeline.py", line 464, in compute_outputs
    return self._compute(data, self._exec_order, self.output_mapping)
  File "/mnt/shared/speechbrain/speechbrain/utils/data_pipeline.py", line 496, in _compute
    values = item(*args)  # Call the DynamicItem to produce output
  File "/mnt/shared/speechbrain/speechbrain/utils/data_pipeline.py", line 72, in __call__
    return self.func(*args)
  File "/mnt/shared/speechbrain/speechbrain/dataio/legacy.py", line 216, in _read_csv_item
    audio, _ = torchaudio.load(item.data)
  File "/home/rosy/miniconda3/envs/sb/lib/python3.9/site-packages/torchaudio/backend/sox_io_backend.py", line 222, in load
    ret = torch.ops.torchaudio.sox_io_load_audio_file(
  File "/home/rosy/miniconda3/envs/sb/lib/python3.9/site-packages/torch/_ops.py", line 143, in __call__
    return self._op(*args, **kwargs or {})
KeyboardInterrupt
2022-10-11 16:54:25,802 - speechbrain.core - INFO - Beginning experiment!
2022-10-11 16:54:25,803 - speechbrain.core - INFO - Experiment folder: results/xvect_kids_anew_fixlen1/303
2022-10-11 16:54:26,363 - speechbrain.utils.superpowers - DEBUG - absl-py==1.2.0
appdirs==1.4.4
asttokens @ file:///opt/conda/conda-bld/asttokens_1646925590279/work
attrs==22.1.0
autopep8==1.7.0
backcall @ file:///home/ktietz/src/ci/backcall_1611930011877/work
black==19.10b0
Bottleneck @ file:///opt/conda/conda-bld/bottleneck_1657175564434/work
brotlipy==0.7.0
cachetools==5.2.0
certifi @ file:///opt/conda/conda-bld/certifi_1663615672595/work/certifi
cffi @ file:///tmp/abs_98z5h56wf8/croots/recipe/cffi_1659598650955/work
cfgv==3.3.1
charset-normalizer @ file:///tmp/build/80754af9/charset-normalizer_1630003229654/work
click==8.0.4
cryptography @ file:///tmp/build/80754af9/cryptography_1652101588893/work
ctc-segmentation==1.7.3
Cython @ file:///opt/conda/conda-bld/cython_1656941947712/work
debugpy @ file:///tmp/build/80754af9/debugpy_1637091799509/work
decorator @ file:///opt/conda/conda-bld/decorator_1643638310831/work
distlib==0.3.6
entrypoints @ file:///tmp/build/80754af9/entrypoints_1649926439650/work
executing @ file:///opt/conda/conda-bld/executing_1646925071911/work
filelock==3.8.0
flake8==3.7.9
google-auth==2.12.0
google-auth-oauthlib==0.4.6
grpcio==1.49.1
huggingface-hub==0.9.1
HyperPyYAML==1.0.1
identify==2.5.5
idna @ file:///tmp/build/80754af9/idna_1637925883363/work
importlib-metadata==5.0.0
ipykernel @ file:///opt/conda/conda-bld/ipykernel_1662361798230/work
ipython @ file:///opt/conda/conda-bld/ipython_1657652213665/work
jedi @ file:///tmp/build/80754af9/jedi_1644297102865/work
joblib==1.2.0
jupyter-core @ file:///opt/conda/conda-bld/jupyter_core_1651671229925/work
jupyter_client @ file:///opt/conda/conda-bld/jupyter_client_1662504365333/work
Markdown==3.4.1
MarkupSafe==2.1.1
matplotlib-inline @ file:///opt/conda/conda-bld/matplotlib-inline_1662014470464/work
mccabe==0.6.1
mkl-fft==1.3.1
mkl-random @ file:///tmp/build/80754af9/mkl_random_1626186066731/work
mkl-service==2.4.0
more-itertools==8.14.0
nest-asyncio @ file:///tmp/build/80754af9/nest-asyncio_1649847906199/work
nodeenv==1.7.0
numexpr @ file:///opt/conda/conda-bld/numexpr_1656940300424/work
numpy==1.23.3
oauthlib==3.2.1
packaging @ file:///tmp/build/80754af9/packaging_1637314298585/work
pandas==1.4.4
parso @ file:///opt/conda/conda-bld/parso_1641458642106/work
pathspec==0.10.1
pexpect @ file:///tmp/build/80754af9/pexpect_1605563209008/work
pickleshare @ file:///tmp/build/80754af9/pickleshare_1606932040724/work
Pillow==9.2.0
platformdirs==2.5.2
pluggy==0.13.1
pre-commit==2.20.0
prompt-toolkit @ file:///tmp/build/80754af9/prompt-toolkit_1633440160888/work
protobuf==3.19.6
psutil @ file:///opt/conda/conda-bld/psutil_1656431268089/work
ptyprocess @ file:///tmp/build/80754af9/ptyprocess_1609355006118/work/dist/ptyprocess-0.7.0-py2.py3-none-any.whl
pure-eval @ file:///opt/conda/conda-bld/pure_eval_1646925070566/work
py==1.11.0
pyasn1==0.4.8
pyasn1-modules==0.2.8
pycodestyle==2.9.1
pycparser @ file:///tmp/build/80754af9/pycparser_1636541352034/work
pydub==0.25.1
pyflakes==2.1.1
Pygments @ file:///opt/conda/conda-bld/pygments_1644249106324/work
pyOpenSSL @ file:///opt/conda/conda-bld/pyopenssl_1643788558760/work
pyparsing @ file:///opt/conda/conda-bld/pyparsing_1661452539315/work
PySocks @ file:///tmp/build/80754af9/pysocks_1605305812635/work
pytest==5.4.1
python-dateutil @ file:///tmp/build/80754af9/python-dateutil_1626374649649/work
pytz @ file:///opt/conda/conda-bld/pytz_1654762638606/work
PyYAML==6.0
pyzmq @ file:///opt/conda/conda-bld/pyzmq_1657724186960/work
regex==2022.9.13
requests @ file:///opt/conda/conda-bld/requests_1657734628632/work
requests-oauthlib==1.3.1
rsa==4.9
ruamel.yaml==0.17.21
ruamel.yaml.clib==0.2.6
scipy==1.8.1
sentencepiece==0.1.97
six @ file:///tmp/build/80754af9/six_1644875935023/work
-e git+https://github.com/speechbrain/speechbrain.git@d78c00eca113c9f013f2eee4d05947adc1b32ccb#egg=speechbrain
sphfile==1.0.3
stack-data @ file:///opt/conda/conda-bld/stack_data_1646927590127/work
tensorboard==2.10.1
tensorboard-data-server==0.6.1
tensorboard-plugin-wit==1.8.1
toml==0.10.2
torch==1.12.1
torchaudio==0.12.1
torchvision==0.13.1
tornado @ file:///opt/conda/conda-bld/tornado_1662061693373/work
tqdm==4.64.1
traitlets @ file:///tmp/build/80754af9/traitlets_1636710298902/work
typed-ast==1.5.4
typing_extensions @ file:///tmp/abs_ben9emwtky/croots/recipe/typing_extensions_1659638822008/work
urllib3==1.26.12
virtualenv==20.16.5
wcwidth @ file:///Users/ktietz/demo/mc3/conda-bld/wcwidth_1629357192024/work
Werkzeug==2.2.2
yamllint==1.23.0
zipp==3.9.0


2022-10-11 16:54:26,439 - speechbrain.utils.superpowers - DEBUG - eedfb81


2022-10-11 16:54:26,615 - speechbrain.core - INFO - Info: ckpt_interval_minutes arg from hparam file is used
2022-10-11 16:54:27,989 - speechbrain.core - INFO - 6.8M trainable parameters in SpeakerBrain
2022-10-11 16:54:27,991 - speechbrain.utils.checkpoints - INFO - Loading a checkpoint from results/xvect_kids_anew_fixlen1/303/save/CKPT+2022-10-11+16-50-03+00
2022-10-11 16:54:28,107 - speechbrain.utils.epoch_loop - INFO - Going into epoch 1
2022-10-11 16:55:57,130 - speechbrain.core - ERROR - Exception:
Traceback (most recent call last):
  File "/mnt/shared/speechbrain/speechbrain/processing/speech_augmentation.py", line 288, in _load_noise_batch
    noises, lens = next(self.noise_data).at_position(0)
  File "/home/rosy/miniconda3/envs/sb/lib/python3.9/site-packages/torch/utils/data/dataloader.py", line 681, in __next__
    data = self._next_data()
  File "/home/rosy/miniconda3/envs/sb/lib/python3.9/site-packages/torch/utils/data/dataloader.py", line 720, in _next_data
    index = self._next_index()  # may raise StopIteration
  File "/home/rosy/miniconda3/envs/sb/lib/python3.9/site-packages/torch/utils/data/dataloader.py", line 671, in _next_index
    return next(self._sampler_iter)  # may raise StopIteration
StopIteration

During handling of the above exception, another exception occurred:

Traceback (most recent call last):
  File "/home/rosy/TAD/model/train_speaker_embeddings.py", line 272, in <module>
    speaker_brain.fit(
  File "/mnt/shared/speechbrain/speechbrain/core.py", line 1153, in fit
    self._fit_train(train_set=train_set, epoch=epoch, enable=enable)
  File "/mnt/shared/speechbrain/speechbrain/core.py", line 1009, in _fit_train
    loss = self.fit_batch(batch)
  File "/mnt/shared/speechbrain/speechbrain/core.py", line 881, in fit_batch
    outputs = self.compute_forward(batch, Stage.TRAIN)
  File "/home/rosy/TAD/model/train_speaker_embeddings.py", line 54, in compute_forward
    wavs_aug = augment(wavs, lens)
  File "/home/rosy/miniconda3/envs/sb/lib/python3.9/site-packages/torch/nn/modules/module.py", line 1130, in _call_impl
    return forward_call(*input, **kwargs)
  File "/mnt/shared/speechbrain/speechbrain/lobes/augment.py", line 446, in forward
    waveforms = self.add_noise(waveforms, lengths)
  File "/home/rosy/miniconda3/envs/sb/lib/python3.9/site-packages/torch/nn/modules/module.py", line 1130, in _call_impl
    return forward_call(*input, **kwargs)
  File "/mnt/shared/speechbrain/speechbrain/processing/speech_augmentation.py", line 158, in forward
    noise_waveform, noise_length = self._load_noise(
  File "/mnt/shared/speechbrain/speechbrain/processing/speech_augmentation.py", line 205, in _load_noise
    noise_batch, noise_len = self._load_noise_batch_of_size(batch_size)
  File "/mnt/shared/speechbrain/speechbrain/processing/speech_augmentation.py", line 251, in _load_noise_batch_of_size
    added_noise, added_lens = self._load_noise_batch()
  File "/mnt/shared/speechbrain/speechbrain/processing/speech_augmentation.py", line 291, in _load_noise_batch
    noises, lens = next(self.noise_data).at_position(0)
  File "/home/rosy/miniconda3/envs/sb/lib/python3.9/site-packages/torch/utils/data/dataloader.py", line 681, in __next__
    data = self._next_data()
  File "/home/rosy/miniconda3/envs/sb/lib/python3.9/site-packages/torch/utils/data/dataloader.py", line 721, in _next_data
    data = self._dataset_fetcher.fetch(index)  # may raise StopIteration
  File "/home/rosy/miniconda3/envs/sb/lib/python3.9/site-packages/torch/utils/data/_utils/fetch.py", line 52, in fetch
    return self.collate_fn(data)
  File "/mnt/shared/speechbrain/speechbrain/dataio/batch.py", line 125, in __init__
    padded = PaddedData(*padding_func(values, **padding_kwargs))
  File "/mnt/shared/speechbrain/speechbrain/utils/data_utils.py", line 442, in batch_pad_right
    padded, valid_percent = pad_right_to(
  File "/mnt/shared/speechbrain/speechbrain/utils/data_utils.py", line 384, in pad_right_to
    tensor = torch.nn.functional.pad(tensor, pads, mode=mode, value=value)
KeyboardInterrupt
2022-10-11 16:56:27,730 - speechbrain.core - INFO - Beginning experiment!
2022-10-11 16:56:27,731 - speechbrain.core - INFO - Experiment folder: results/xvect_kids_anew_fixlen1/303
2022-10-11 16:56:28,287 - speechbrain.utils.superpowers - DEBUG - absl-py==1.2.0
appdirs==1.4.4
asttokens @ file:///opt/conda/conda-bld/asttokens_1646925590279/work
attrs==22.1.0
autopep8==1.7.0
backcall @ file:///home/ktietz/src/ci/backcall_1611930011877/work
black==19.10b0
Bottleneck @ file:///opt/conda/conda-bld/bottleneck_1657175564434/work
brotlipy==0.7.0
cachetools==5.2.0
certifi @ file:///opt/conda/conda-bld/certifi_1663615672595/work/certifi
cffi @ file:///tmp/abs_98z5h56wf8/croots/recipe/cffi_1659598650955/work
cfgv==3.3.1
charset-normalizer @ file:///tmp/build/80754af9/charset-normalizer_1630003229654/work
click==8.0.4
cryptography @ file:///tmp/build/80754af9/cryptography_1652101588893/work
ctc-segmentation==1.7.3
Cython @ file:///opt/conda/conda-bld/cython_1656941947712/work
debugpy @ file:///tmp/build/80754af9/debugpy_1637091799509/work
decorator @ file:///opt/conda/conda-bld/decorator_1643638310831/work
distlib==0.3.6
entrypoints @ file:///tmp/build/80754af9/entrypoints_1649926439650/work
executing @ file:///opt/conda/conda-bld/executing_1646925071911/work
filelock==3.8.0
flake8==3.7.9
google-auth==2.12.0
google-auth-oauthlib==0.4.6
grpcio==1.49.1
huggingface-hub==0.9.1
HyperPyYAML==1.0.1
identify==2.5.5
idna @ file:///tmp/build/80754af9/idna_1637925883363/work
importlib-metadata==5.0.0
ipykernel @ file:///opt/conda/conda-bld/ipykernel_1662361798230/work
ipython @ file:///opt/conda/conda-bld/ipython_1657652213665/work
jedi @ file:///tmp/build/80754af9/jedi_1644297102865/work
joblib==1.2.0
jupyter-core @ file:///opt/conda/conda-bld/jupyter_core_1651671229925/work
jupyter_client @ file:///opt/conda/conda-bld/jupyter_client_1662504365333/work
Markdown==3.4.1
MarkupSafe==2.1.1
matplotlib-inline @ file:///opt/conda/conda-bld/matplotlib-inline_1662014470464/work
mccabe==0.6.1
mkl-fft==1.3.1
mkl-random @ file:///tmp/build/80754af9/mkl_random_1626186066731/work
mkl-service==2.4.0
more-itertools==8.14.0
nest-asyncio @ file:///tmp/build/80754af9/nest-asyncio_1649847906199/work
nodeenv==1.7.0
numexpr @ file:///opt/conda/conda-bld/numexpr_1656940300424/work
numpy==1.23.3
oauthlib==3.2.1
packaging @ file:///tmp/build/80754af9/packaging_1637314298585/work
pandas==1.4.4
parso @ file:///opt/conda/conda-bld/parso_1641458642106/work
pathspec==0.10.1
pexpect @ file:///tmp/build/80754af9/pexpect_1605563209008/work
pickleshare @ file:///tmp/build/80754af9/pickleshare_1606932040724/work
Pillow==9.2.0
platformdirs==2.5.2
pluggy==0.13.1
pre-commit==2.20.0
prompt-toolkit @ file:///tmp/build/80754af9/prompt-toolkit_1633440160888/work
protobuf==3.19.6
psutil @ file:///opt/conda/conda-bld/psutil_1656431268089/work
ptyprocess @ file:///tmp/build/80754af9/ptyprocess_1609355006118/work/dist/ptyprocess-0.7.0-py2.py3-none-any.whl
pure-eval @ file:///opt/conda/conda-bld/pure_eval_1646925070566/work
py==1.11.0
pyasn1==0.4.8
pyasn1-modules==0.2.8
pycodestyle==2.9.1
pycparser @ file:///tmp/build/80754af9/pycparser_1636541352034/work
pydub==0.25.1
pyflakes==2.1.1
Pygments @ file:///opt/conda/conda-bld/pygments_1644249106324/work
pyOpenSSL @ file:///opt/conda/conda-bld/pyopenssl_1643788558760/work
pyparsing @ file:///opt/conda/conda-bld/pyparsing_1661452539315/work
PySocks @ file:///tmp/build/80754af9/pysocks_1605305812635/work
pytest==5.4.1
python-dateutil @ file:///tmp/build/80754af9/python-dateutil_1626374649649/work
pytz @ file:///opt/conda/conda-bld/pytz_1654762638606/work
PyYAML==6.0
pyzmq @ file:///opt/conda/conda-bld/pyzmq_1657724186960/work
regex==2022.9.13
requests @ file:///opt/conda/conda-bld/requests_1657734628632/work
requests-oauthlib==1.3.1
rsa==4.9
ruamel.yaml==0.17.21
ruamel.yaml.clib==0.2.6
scipy==1.8.1
sentencepiece==0.1.97
six @ file:///tmp/build/80754af9/six_1644875935023/work
-e git+https://github.com/speechbrain/speechbrain.git@d78c00eca113c9f013f2eee4d05947adc1b32ccb#egg=speechbrain
sphfile==1.0.3
stack-data @ file:///opt/conda/conda-bld/stack_data_1646927590127/work
tensorboard==2.10.1
tensorboard-data-server==0.6.1
tensorboard-plugin-wit==1.8.1
toml==0.10.2
torch==1.12.1
torchaudio==0.12.1
torchvision==0.13.1
tornado @ file:///opt/conda/conda-bld/tornado_1662061693373/work
tqdm==4.64.1
traitlets @ file:///tmp/build/80754af9/traitlets_1636710298902/work
typed-ast==1.5.4
typing_extensions @ file:///tmp/abs_ben9emwtky/croots/recipe/typing_extensions_1659638822008/work
urllib3==1.26.12
virtualenv==20.16.5
wcwidth @ file:///Users/ktietz/demo/mc3/conda-bld/wcwidth_1629357192024/work
Werkzeug==2.2.2
yamllint==1.23.0
zipp==3.9.0


2022-10-11 16:56:28,365 - speechbrain.utils.superpowers - DEBUG - eedfb81


2022-10-11 16:56:28,542 - speechbrain.core - INFO - Info: ckpt_interval_minutes arg from hparam file is used
2022-10-11 16:56:29,918 - speechbrain.core - INFO - 6.8M trainable parameters in SpeakerBrain
2022-10-11 16:56:29,920 - speechbrain.utils.checkpoints - INFO - Loading a checkpoint from results/xvect_kids_anew_fixlen1/303/save/CKPT+2022-10-11+16-50-03+00
2022-10-11 16:56:30,027 - speechbrain.utils.epoch_loop - INFO - Going into epoch 1
2022-10-11 16:57:22,430 - speechbrain.core - ERROR - Exception:
Traceback (most recent call last):
  File "/home/rosy/TAD/model/train_speaker_embeddings.py", line 272, in <module>
    speaker_brain.fit(
  File "/mnt/shared/speechbrain/speechbrain/core.py", line 1153, in fit
    self._fit_train(train_set=train_set, epoch=epoch, enable=enable)
  File "/mnt/shared/speechbrain/speechbrain/core.py", line 1009, in _fit_train
    loss = self.fit_batch(batch)
  File "/mnt/shared/speechbrain/speechbrain/core.py", line 881, in fit_batch
    outputs = self.compute_forward(batch, Stage.TRAIN)
  File "/home/rosy/TAD/model/train_speaker_embeddings.py", line 54, in compute_forward
    wavs_aug = augment(wavs, lens)
  File "/home/rosy/miniconda3/envs/sb/lib/python3.9/site-packages/torch/nn/modules/module.py", line 1130, in _call_impl
    return forward_call(*input, **kwargs)
  File "/mnt/shared/speechbrain/speechbrain/lobes/augment.py", line 446, in forward
    waveforms = self.add_noise(waveforms, lengths)
  File "/home/rosy/miniconda3/envs/sb/lib/python3.9/site-packages/torch/nn/modules/module.py", line 1130, in _call_impl
    return forward_call(*input, **kwargs)
  File "/mnt/shared/speechbrain/speechbrain/processing/speech_augmentation.py", line 158, in forward
    noise_waveform, noise_length = self._load_noise(
  File "/mnt/shared/speechbrain/speechbrain/processing/speech_augmentation.py", line 206, in _load_noise
    noise_batch = noise_batch.to(lengths.device)
KeyboardInterrupt
2022-10-11 16:57:49,804 - speechbrain.core - INFO - Beginning experiment!
2022-10-11 16:57:49,804 - speechbrain.core - INFO - Experiment folder: results/xvect_kids_anew_fixlen1/303
2022-10-11 16:57:50,369 - speechbrain.utils.superpowers - DEBUG - absl-py==1.2.0
appdirs==1.4.4
asttokens @ file:///opt/conda/conda-bld/asttokens_1646925590279/work
attrs==22.1.0
autopep8==1.7.0
backcall @ file:///home/ktietz/src/ci/backcall_1611930011877/work
black==19.10b0
Bottleneck @ file:///opt/conda/conda-bld/bottleneck_1657175564434/work
brotlipy==0.7.0
cachetools==5.2.0
certifi @ file:///opt/conda/conda-bld/certifi_1663615672595/work/certifi
cffi @ file:///tmp/abs_98z5h56wf8/croots/recipe/cffi_1659598650955/work
cfgv==3.3.1
charset-normalizer @ file:///tmp/build/80754af9/charset-normalizer_1630003229654/work
click==8.0.4
cryptography @ file:///tmp/build/80754af9/cryptography_1652101588893/work
ctc-segmentation==1.7.3
Cython @ file:///opt/conda/conda-bld/cython_1656941947712/work
debugpy @ file:///tmp/build/80754af9/debugpy_1637091799509/work
decorator @ file:///opt/conda/conda-bld/decorator_1643638310831/work
distlib==0.3.6
entrypoints @ file:///tmp/build/80754af9/entrypoints_1649926439650/work
executing @ file:///opt/conda/conda-bld/executing_1646925071911/work
filelock==3.8.0
flake8==3.7.9
google-auth==2.12.0
google-auth-oauthlib==0.4.6
grpcio==1.49.1
huggingface-hub==0.9.1
HyperPyYAML==1.0.1
identify==2.5.5
idna @ file:///tmp/build/80754af9/idna_1637925883363/work
importlib-metadata==5.0.0
ipykernel @ file:///opt/conda/conda-bld/ipykernel_1662361798230/work
ipython @ file:///opt/conda/conda-bld/ipython_1657652213665/work
jedi @ file:///tmp/build/80754af9/jedi_1644297102865/work
joblib==1.2.0
jupyter-core @ file:///opt/conda/conda-bld/jupyter_core_1651671229925/work
jupyter_client @ file:///opt/conda/conda-bld/jupyter_client_1662504365333/work
Markdown==3.4.1
MarkupSafe==2.1.1
matplotlib-inline @ file:///opt/conda/conda-bld/matplotlib-inline_1662014470464/work
mccabe==0.6.1
mkl-fft==1.3.1
mkl-random @ file:///tmp/build/80754af9/mkl_random_1626186066731/work
mkl-service==2.4.0
more-itertools==8.14.0
nest-asyncio @ file:///tmp/build/80754af9/nest-asyncio_1649847906199/work
nodeenv==1.7.0
numexpr @ file:///opt/conda/conda-bld/numexpr_1656940300424/work
numpy==1.23.3
oauthlib==3.2.1
packaging @ file:///tmp/build/80754af9/packaging_1637314298585/work
pandas==1.4.4
parso @ file:///opt/conda/conda-bld/parso_1641458642106/work
pathspec==0.10.1
pexpect @ file:///tmp/build/80754af9/pexpect_1605563209008/work
pickleshare @ file:///tmp/build/80754af9/pickleshare_1606932040724/work
Pillow==9.2.0
platformdirs==2.5.2
pluggy==0.13.1
pre-commit==2.20.0
prompt-toolkit @ file:///tmp/build/80754af9/prompt-toolkit_1633440160888/work
protobuf==3.19.6
psutil @ file:///opt/conda/conda-bld/psutil_1656431268089/work
ptyprocess @ file:///tmp/build/80754af9/ptyprocess_1609355006118/work/dist/ptyprocess-0.7.0-py2.py3-none-any.whl
pure-eval @ file:///opt/conda/conda-bld/pure_eval_1646925070566/work
py==1.11.0
pyasn1==0.4.8
pyasn1-modules==0.2.8
pycodestyle==2.9.1
pycparser @ file:///tmp/build/80754af9/pycparser_1636541352034/work
pydub==0.25.1
pyflakes==2.1.1
Pygments @ file:///opt/conda/conda-bld/pygments_1644249106324/work
pyOpenSSL @ file:///opt/conda/conda-bld/pyopenssl_1643788558760/work
pyparsing @ file:///opt/conda/conda-bld/pyparsing_1661452539315/work
PySocks @ file:///tmp/build/80754af9/pysocks_1605305812635/work
pytest==5.4.1
python-dateutil @ file:///tmp/build/80754af9/python-dateutil_1626374649649/work
pytz @ file:///opt/conda/conda-bld/pytz_1654762638606/work
PyYAML==6.0
pyzmq @ file:///opt/conda/conda-bld/pyzmq_1657724186960/work
regex==2022.9.13
requests @ file:///opt/conda/conda-bld/requests_1657734628632/work
requests-oauthlib==1.3.1
rsa==4.9
ruamel.yaml==0.17.21
ruamel.yaml.clib==0.2.6
scipy==1.8.1
sentencepiece==0.1.97
six @ file:///tmp/build/80754af9/six_1644875935023/work
-e git+https://github.com/speechbrain/speechbrain.git@d78c00eca113c9f013f2eee4d05947adc1b32ccb#egg=speechbrain
sphfile==1.0.3
stack-data @ file:///opt/conda/conda-bld/stack_data_1646927590127/work
tensorboard==2.10.1
tensorboard-data-server==0.6.1
tensorboard-plugin-wit==1.8.1
toml==0.10.2
torch==1.12.1
torchaudio==0.12.1
torchvision==0.13.1
tornado @ file:///opt/conda/conda-bld/tornado_1662061693373/work
tqdm==4.64.1
traitlets @ file:///tmp/build/80754af9/traitlets_1636710298902/work
typed-ast==1.5.4
typing_extensions @ file:///tmp/abs_ben9emwtky/croots/recipe/typing_extensions_1659638822008/work
urllib3==1.26.12
virtualenv==20.16.5
wcwidth @ file:///Users/ktietz/demo/mc3/conda-bld/wcwidth_1629357192024/work
Werkzeug==2.2.2
yamllint==1.23.0
zipp==3.9.0


2022-10-11 16:57:50,448 - speechbrain.utils.superpowers - DEBUG - eedfb81


2022-10-11 16:57:50,625 - speechbrain.core - INFO - Info: ckpt_interval_minutes arg from hparam file is used
2022-10-11 16:57:52,007 - speechbrain.core - INFO - 6.8M trainable parameters in SpeakerBrain
2022-10-11 16:57:52,009 - speechbrain.utils.checkpoints - INFO - Loading a checkpoint from results/xvect_kids_anew_fixlen1/303/save/CKPT+2022-10-11+16-50-03+00
2022-10-11 16:57:52,122 - speechbrain.utils.epoch_loop - INFO - Going into epoch 1
2022-10-11 17:00:52,498 - speechbrain.utils.checkpoints - DEBUG - Saved an intra-epoch checkpoint in results/xvect_kids_anew_fixlen1/303/save/CKPT+2022-10-11+17-00-52+00
2022-10-11 17:00:52,512 - speechbrain.utils.checkpoints - DEBUG - Deleted checkpoint in results/xvect_kids_anew_fixlen1/303/save/CKPT+2022-10-11+16-50-03+00
2022-10-11 17:01:07,783 - speechbrain.core - ERROR - Exception:
Traceback (most recent call last):
  File "/home/rosy/TAD/model/train_speaker_embeddings.py", line 272, in <module>
    speaker_brain.fit(
  File "/mnt/shared/speechbrain/speechbrain/core.py", line 1153, in fit
    self._fit_train(train_set=train_set, epoch=epoch, enable=enable)
  File "/mnt/shared/speechbrain/speechbrain/core.py", line 1009, in _fit_train
    loss = self.fit_batch(batch)
  File "/mnt/shared/speechbrain/speechbrain/core.py", line 881, in fit_batch
    outputs = self.compute_forward(batch, Stage.TRAIN)
  File "/home/rosy/TAD/model/train_speaker_embeddings.py", line 54, in compute_forward
    wavs_aug = augment(wavs, lens)
  File "/home/rosy/miniconda3/envs/sb/lib/python3.9/site-packages/torch/nn/modules/module.py", line 1130, in _call_impl
    return forward_call(*input, **kwargs)
  File "/mnt/shared/speechbrain/speechbrain/lobes/augment.py", line 446, in forward
    waveforms = self.add_noise(waveforms, lengths)
  File "/home/rosy/miniconda3/envs/sb/lib/python3.9/site-packages/torch/nn/modules/module.py", line 1130, in _call_impl
    return forward_call(*input, **kwargs)
  File "/mnt/shared/speechbrain/speechbrain/processing/speech_augmentation.py", line 158, in forward
    noise_waveform, noise_length = self._load_noise(
  File "/mnt/shared/speechbrain/speechbrain/processing/speech_augmentation.py", line 205, in _load_noise
    noise_batch, noise_len = self._load_noise_batch_of_size(batch_size)
  File "/mnt/shared/speechbrain/speechbrain/processing/speech_augmentation.py", line 247, in _load_noise_batch_of_size
    noise_batch, noise_lens = self._load_noise_batch()
  File "/mnt/shared/speechbrain/speechbrain/processing/speech_augmentation.py", line 288, in _load_noise_batch
    noises, lens = next(self.noise_data).at_position(0)
  File "/home/rosy/miniconda3/envs/sb/lib/python3.9/site-packages/torch/utils/data/dataloader.py", line 681, in __next__
    data = self._next_data()
  File "/home/rosy/miniconda3/envs/sb/lib/python3.9/site-packages/torch/utils/data/dataloader.py", line 721, in _next_data
    data = self._dataset_fetcher.fetch(index)  # may raise StopIteration
  File "/home/rosy/miniconda3/envs/sb/lib/python3.9/site-packages/torch/utils/data/_utils/fetch.py", line 52, in fetch
    return self.collate_fn(data)
  File "/mnt/shared/speechbrain/speechbrain/dataio/batch.py", line 125, in __init__
    padded = PaddedData(*padding_func(values, **padding_kwargs))
  File "/mnt/shared/speechbrain/speechbrain/utils/data_utils.py", line 442, in batch_pad_right
    padded, valid_percent = pad_right_to(
  File "/mnt/shared/speechbrain/speechbrain/utils/data_utils.py", line 384, in pad_right_to
    tensor = torch.nn.functional.pad(tensor, pads, mode=mode, value=value)
KeyboardInterrupt
